2025-09-06 18:19:17,069 - INFO - Starting Enhanced Codeforces Scraper (JSON Output)
2025-09-06 18:19:17,069 - INFO - Output directory: codeforces_problems_json
2025-09-06 18:19:17,069 - INFO - Max workers: 10
2025-09-06 18:19:17,069 - INFO - Tag filters: None
2025-09-06 18:19:17,069 - INFO - Rating range: Any - Any
2025-09-06 18:19:17,069 - INFO - Rating buckets: ['0800-1199', '1200-1399', '1400-1599', '1600-1899', '1900-2099', '2100-2299', '2300-2499', '2500-2699', '2700-2999', '3000-plus', 'unrated']
2025-09-06 18:19:17,069 - INFO - Fetching problems from Codeforces API...
2025-09-06 18:19:56,640 - INFO - Found 10602 total problems, 10602 match filters
2025-09-06 18:19:56,640 - INFO - Processing 10602 problems with 10 workers...
2025-09-06 18:19:56,755 - INFO - Processed 50/10602 problems...
2025-09-06 18:19:56,769 - INFO - Processed 100/10602 problems...
2025-09-06 18:19:56,783 - INFO - Processed 150/10602 problems...
2025-09-06 18:19:56,798 - INFO - Processed 200/10602 problems...
2025-09-06 18:19:56,810 - INFO - Processed 250/10602 problems...
2025-09-06 18:19:56,821 - INFO - Processed 300/10602 problems...
2025-09-06 18:19:56,837 - INFO - Processed 350/10602 problems...
2025-09-06 18:19:56,849 - INFO - Processed 400/10602 problems...
2025-09-06 18:19:56,858 - INFO - Processed 450/10602 problems...
2025-09-06 18:19:56,870 - INFO - Processed 500/10602 problems...
2025-09-06 18:19:56,881 - INFO - Processed 550/10602 problems...
2025-09-06 18:19:56,890 - INFO - Processed 600/10602 problems...
2025-09-06 18:19:56,904 - INFO - Processed 650/10602 problems...
2025-09-06 18:19:56,915 - INFO - Processed 700/10602 problems...
2025-09-06 18:19:56,927 - INFO - Processed 750/10602 problems...
2025-09-06 18:19:56,937 - INFO - Processed 800/10602 problems...
2025-09-06 18:19:56,948 - INFO - Processed 850/10602 problems...
2025-09-06 18:19:56,960 - INFO - Processed 900/10602 problems...
2025-09-06 18:19:56,971 - INFO - Processed 950/10602 problems...
2025-09-06 18:19:56,982 - INFO - Processed 1000/10602 problems...
2025-09-06 18:19:56,991 - INFO - Processed 1050/10602 problems...
2025-09-06 18:19:57,003 - INFO - Processed 1100/10602 problems...
2025-09-06 18:19:57,013 - INFO - Processed 1150/10602 problems...
2025-09-06 18:19:57,027 - INFO - Processed 1200/10602 problems...
2025-09-06 18:19:57,039 - INFO - Processed 1250/10602 problems...
2025-09-06 18:19:57,050 - INFO - Processed 1300/10602 problems...
2025-09-06 18:19:57,057 - INFO - Processed 1350/10602 problems...
2025-09-06 18:19:57,073 - INFO - Processed 1400/10602 problems...
2025-09-06 18:19:57,084 - INFO - Processed 1450/10602 problems...
2025-09-06 18:19:57,093 - INFO - Processed 1500/10602 problems...
2025-09-06 18:19:57,106 - INFO - Processed 1550/10602 problems...
2025-09-06 18:19:57,119 - INFO - Processed 1600/10602 problems...
2025-09-06 18:19:57,130 - INFO - Processed 1650/10602 problems...
2025-09-06 18:19:57,138 - INFO - Processed 1700/10602 problems...
2025-09-06 18:19:57,152 - INFO - Processed 1750/10602 problems...
2025-09-06 18:19:57,163 - INFO - Processed 1800/10602 problems...
2025-09-06 18:19:57,173 - INFO - Processed 1850/10602 problems...
2025-09-06 18:19:57,182 - INFO - Processed 1900/10602 problems...
2025-09-06 18:19:57,197 - INFO - Processed 1950/10602 problems...
2025-09-06 18:19:57,207 - INFO - Processed 2000/10602 problems...
2025-09-06 18:19:57,218 - INFO - Processed 2050/10602 problems...
2025-09-06 18:19:57,230 - INFO - Processed 2100/10602 problems...
2025-09-06 18:19:57,241 - INFO - Processed 2150/10602 problems...
2025-09-06 18:19:57,251 - INFO - Processed 2200/10602 problems...
2025-09-06 18:19:57,262 - INFO - Processed 2250/10602 problems...
2025-09-06 18:19:57,273 - INFO - Processed 2300/10602 problems...
2025-09-06 18:19:57,285 - INFO - Processed 2350/10602 problems...
2025-09-06 18:19:57,296 - INFO - Processed 2400/10602 problems...
2025-09-06 18:19:57,306 - INFO - Processed 2450/10602 problems...
2025-09-06 18:19:57,316 - INFO - Processed 2500/10602 problems...
2025-09-06 18:19:57,327 - INFO - Processed 2550/10602 problems...
2025-09-06 18:19:57,338 - INFO - Processed 2600/10602 problems...
2025-09-06 18:19:57,349 - INFO - Processed 2650/10602 problems...
2025-09-06 18:19:57,360 - INFO - Processed 2700/10602 problems...
2025-09-06 18:19:57,369 - INFO - Processed 2750/10602 problems...
2025-09-06 18:19:57,382 - INFO - Processed 2800/10602 problems...
2025-09-06 18:19:57,392 - INFO - Processed 2850/10602 problems...
2025-09-06 18:19:57,403 - INFO - Processed 2900/10602 problems...
2025-09-06 18:19:57,414 - INFO - Processed 2950/10602 problems...
2025-09-06 18:19:57,425 - INFO - Processed 3000/10602 problems...
2025-09-06 18:19:57,435 - INFO - Processed 3050/10602 problems...
2025-09-06 18:19:57,447 - INFO - Processed 3100/10602 problems...
2025-09-06 18:19:57,458 - INFO - Processed 3150/10602 problems...
2025-09-06 18:19:57,470 - INFO - Processed 3200/10602 problems...
2025-09-06 18:19:57,482 - INFO - Processed 3250/10602 problems...
2025-09-06 18:19:57,500 - INFO - Processed 3300/10602 problems...
2025-09-06 18:19:57,529 - INFO - Processed 3350/10602 problems...
2025-09-06 18:19:57,563 - INFO - Processed 3400/10602 problems...
2025-09-06 18:19:57,578 - INFO - Processed 3450/10602 problems...
2025-09-06 18:19:57,590 - INFO - Processed 3500/10602 problems...
2025-09-06 18:19:57,601 - INFO - Processed 3550/10602 problems...
2025-09-06 18:19:57,611 - INFO - Processed 3600/10602 problems...
2025-09-06 18:19:57,623 - INFO - Processed 3650/10602 problems...
2025-09-06 18:19:57,634 - INFO - Processed 3700/10602 problems...
2025-09-06 18:19:57,646 - INFO - Processed 3750/10602 problems...
2025-09-06 18:19:57,657 - INFO - Processed 3800/10602 problems...
2025-09-06 18:19:57,667 - INFO - Processed 3850/10602 problems...
2025-09-06 18:19:57,680 - INFO - Processed 3900/10602 problems...
2025-09-06 18:19:57,691 - INFO - Processed 3950/10602 problems...
2025-09-06 18:19:57,702 - INFO - Processed 4000/10602 problems...
2025-09-06 18:19:57,714 - INFO - Processed 4050/10602 problems...
2025-09-06 18:19:57,724 - INFO - Processed 4100/10602 problems...
2025-09-06 18:19:57,737 - INFO - Processed 4150/10602 problems...
2025-09-06 18:19:57,746 - INFO - Processed 4200/10602 problems...
2025-09-06 18:19:57,756 - INFO - Processed 4250/10602 problems...
2025-09-06 18:19:57,770 - INFO - Processed 4300/10602 problems...
2025-09-06 18:19:57,781 - INFO - Processed 4350/10602 problems...
2025-09-06 18:19:57,789 - INFO - Processed 4400/10602 problems...
2025-09-06 18:19:57,802 - INFO - Processed 4450/10602 problems...
2025-09-06 18:19:57,813 - INFO - Processed 4500/10602 problems...
2025-09-06 18:19:57,822 - INFO - Processed 4550/10602 problems...
2025-09-06 18:19:57,834 - INFO - Processed 4600/10602 problems...
2025-09-06 18:19:57,846 - INFO - Processed 4650/10602 problems...
2025-09-06 18:19:57,858 - INFO - Processed 4700/10602 problems...
2025-09-06 18:19:57,868 - INFO - Processed 4750/10602 problems...
2025-09-06 18:19:57,878 - INFO - Processed 4800/10602 problems...
2025-09-06 18:19:57,890 - INFO - Processed 4850/10602 problems...
2025-09-06 18:19:57,899 - INFO - Processed 4900/10602 problems...
2025-09-06 18:19:57,912 - INFO - Processed 4950/10602 problems...
2025-09-06 18:19:57,924 - INFO - Processed 5000/10602 problems...
2025-09-06 18:19:58,198 - INFO - Processed 5050/10602 problems...
2025-09-06 18:19:58,210 - INFO - Processed 5100/10602 problems...
2025-09-06 18:19:58,221 - INFO - Processed 5150/10602 problems...
2025-09-06 18:19:58,232 - INFO - Processed 5200/10602 problems...
2025-09-06 18:19:58,244 - INFO - Processed 5250/10602 problems...
2025-09-06 18:19:58,256 - INFO - Processed 5300/10602 problems...
2025-09-06 18:19:58,268 - INFO - Processed 5350/10602 problems...
2025-09-06 18:19:58,277 - INFO - Processed 5400/10602 problems...
2025-09-06 18:19:58,292 - INFO - Processed 5450/10602 problems...
2025-09-06 18:19:58,305 - INFO - Processed 5500/10602 problems...
2025-09-06 18:19:58,316 - INFO - Processed 5550/10602 problems...
2025-09-06 18:19:58,330 - INFO - Processed 5600/10602 problems...
2025-09-06 18:19:58,342 - INFO - Processed 5650/10602 problems...
2025-09-06 18:19:58,353 - INFO - Processed 5700/10602 problems...
2025-09-06 18:19:58,365 - INFO - Processed 5750/10602 problems...
2025-09-06 18:19:58,376 - INFO - Processed 5800/10602 problems...
2025-09-06 18:19:58,387 - INFO - Processed 5850/10602 problems...
2025-09-06 18:19:58,398 - INFO - Processed 5900/10602 problems...
2025-09-06 18:19:58,405 - INFO - Processed 5950/10602 problems...
2025-09-06 18:19:58,419 - INFO - Processed 6000/10602 problems...
2025-09-06 18:19:58,431 - INFO - Processed 6050/10602 problems...
2025-09-06 18:19:58,442 - INFO - Processed 6100/10602 problems...
2025-09-06 18:19:58,452 - INFO - Processed 6150/10602 problems...
2025-09-06 18:19:58,463 - INFO - Processed 6200/10602 problems...
2025-09-06 18:19:58,470 - INFO - Processed 6250/10602 problems...
2025-09-06 18:19:58,484 - INFO - Processed 6300/10602 problems...
2025-09-06 18:19:58,495 - INFO - Processed 6350/10602 problems...
2025-09-06 18:19:58,506 - INFO - Processed 6400/10602 problems...
2025-09-06 18:19:58,517 - INFO - Processed 6450/10602 problems...
2025-09-06 18:19:58,529 - INFO - Processed 6500/10602 problems...
2025-09-06 18:19:58,540 - INFO - Processed 6550/10602 problems...
2025-09-06 18:19:58,552 - INFO - Processed 6600/10602 problems...
2025-09-06 18:19:58,563 - INFO - Processed 6650/10602 problems...
2025-09-06 18:19:58,574 - INFO - Processed 6700/10602 problems...
2025-09-06 18:19:58,583 - INFO - Processed 6750/10602 problems...
2025-09-06 18:19:58,599 - INFO - Processed 6800/10602 problems...
2025-09-06 18:19:58,608 - INFO - Processed 6850/10602 problems...
2025-09-06 18:19:58,619 - INFO - Processed 6900/10602 problems...
2025-09-06 18:19:58,629 - INFO - Processed 6950/10602 problems...
2025-09-06 18:19:58,641 - INFO - Processed 7000/10602 problems...
2025-09-06 18:19:58,652 - INFO - Processed 7050/10602 problems...
2025-09-06 18:19:58,663 - INFO - Processed 7100/10602 problems...
2025-09-06 18:19:58,675 - INFO - Processed 7150/10602 problems...
2025-09-06 18:19:58,686 - INFO - Processed 7200/10602 problems...
2025-09-06 18:19:58,697 - INFO - Processed 7250/10602 problems...
2025-09-06 18:19:58,708 - INFO - Processed 7300/10602 problems...
2025-09-06 18:19:58,720 - INFO - Processed 7350/10602 problems...
2025-09-06 18:19:58,730 - INFO - Processed 7400/10602 problems...
2025-09-06 18:19:58,739 - INFO - Processed 7450/10602 problems...
2025-09-06 18:19:58,753 - INFO - Processed 7500/10602 problems...
2025-09-06 18:19:58,761 - INFO - Processed 7550/10602 problems...
2025-09-06 18:19:58,769 - INFO - Processed 7600/10602 problems...
2025-09-06 18:19:58,785 - INFO - Processed 7650/10602 problems...
2025-09-06 18:19:58,798 - INFO - Processed 7700/10602 problems...
2025-09-06 18:19:58,810 - INFO - Processed 7750/10602 problems...
2025-09-06 18:19:58,822 - INFO - Processed 7800/10602 problems...
2025-09-06 18:19:58,834 - INFO - Processed 7850/10602 problems...
2025-09-06 18:19:58,845 - INFO - Processed 7900/10602 problems...
2025-09-06 18:19:58,854 - INFO - Processed 7950/10602 problems...
2025-09-06 18:19:58,868 - INFO - Processed 8000/10602 problems...
2025-09-06 18:19:58,879 - INFO - Processed 8050/10602 problems...
2025-09-06 18:19:58,890 - INFO - Processed 8100/10602 problems...
2025-09-06 18:19:58,902 - INFO - Processed 8150/10602 problems...
2025-09-06 18:19:58,913 - INFO - Processed 8200/10602 problems...
2025-09-06 18:19:58,926 - INFO - Processed 8250/10602 problems...
2025-09-06 18:19:58,937 - INFO - Processed 8300/10602 problems...
2025-09-06 18:19:58,946 - INFO - Processed 8350/10602 problems...
2025-09-06 18:19:58,960 - INFO - Processed 8400/10602 problems...
2025-09-06 18:19:58,969 - INFO - Processed 8450/10602 problems...
2025-09-06 18:19:58,982 - INFO - Processed 8500/10602 problems...
2025-09-06 18:19:58,991 - INFO - Processed 8550/10602 problems...
2025-09-06 18:19:59,003 - INFO - Processed 8600/10602 problems...
2025-09-06 18:19:59,015 - INFO - Processed 8650/10602 problems...
2025-09-06 18:19:59,026 - INFO - Processed 8700/10602 problems...
2025-09-06 18:19:59,036 - INFO - Processed 8750/10602 problems...
2025-09-06 18:19:59,046 - INFO - Processed 8800/10602 problems...
2025-09-06 18:19:59,056 - INFO - Processed 8850/10602 problems...
2025-09-06 18:19:59,069 - INFO - Processed 8900/10602 problems...
2025-09-06 18:19:59,080 - INFO - Processed 8950/10602 problems...
2025-09-06 18:19:59,091 - INFO - Processed 9000/10602 problems...
2025-09-06 18:19:59,102 - INFO - Processed 9050/10602 problems...
2025-09-06 18:19:59,113 - INFO - Processed 9100/10602 problems...
2025-09-06 18:19:59,124 - INFO - Processed 9150/10602 problems...
2025-09-06 18:19:59,137 - INFO - Processed 9200/10602 problems...
2025-09-06 18:19:59,177 - INFO - Processed 9250/10602 problems...
2025-09-06 18:19:59,210 - INFO - Processed 9300/10602 problems...
2025-09-06 18:19:59,228 - INFO - Processed 9350/10602 problems...
2025-09-06 18:19:59,236 - INFO - Processed 9400/10602 problems...
2025-09-06 18:19:59,253 - INFO - Processed 9450/10602 problems...
2025-09-06 18:19:59,263 - INFO - Processed 9500/10602 problems...
2025-09-06 18:19:59,274 - INFO - Processed 9550/10602 problems...
2025-09-06 18:19:59,285 - INFO - Processed 9600/10602 problems...
2025-09-06 18:19:59,297 - INFO - Processed 9650/10602 problems...
2025-09-06 18:19:59,309 - INFO - Processed 9700/10602 problems...
2025-09-06 18:19:59,318 - INFO - Processed 9750/10602 problems...
2025-09-06 18:19:59,330 - INFO - Processed 9800/10602 problems...
2025-09-06 18:19:59,341 - INFO - Processed 9850/10602 problems...
2025-09-06 18:19:59,353 - INFO - Processed 9900/10602 problems...
2025-09-06 18:19:59,366 - INFO - Processed 9950/10602 problems...
2025-09-06 18:19:59,376 - INFO - Processed 10000/10602 problems...
2025-09-06 18:19:59,400 - INFO - Processed 10050/10602 problems...
2025-09-06 18:19:59,415 - INFO - Processed 10100/10602 problems...
2025-09-06 18:19:59,427 - INFO - Processed 10150/10602 problems...
2025-09-06 18:19:59,438 - INFO - Processed 10200/10602 problems...
2025-09-06 18:19:59,449 - INFO - Processed 10250/10602 problems...
2025-09-06 18:19:59,460 - INFO - Processed 10300/10602 problems...
2025-09-06 18:19:59,471 - INFO - Processed 10350/10602 problems...
2025-09-06 18:19:59,483 - INFO - Processed 10400/10602 problems...
2025-09-06 18:19:59,494 - INFO - Processed 10450/10602 problems...
2025-09-06 18:19:59,510 - INFO - Processed 10500/10602 problems...
2025-09-06 18:19:59,522 - INFO - Processed 10550/10602 problems...
2025-09-06 18:19:59,534 - INFO - Processed 10600/10602 problems...
2025-09-06 18:19:59,534 - INFO - Summary saved to codeforces_problems_json\scraping_summary.json
